[0711/204122.606:ERROR:process_reader_win.cc(151)] SuspendThread: Access is denied. (0x5)
[0711/204122.885:ERROR:process_reader_win.cc(123)] NtOpenThread: {Access Denied} A process has requested access to an object, but has not been granted those access rights. (0xc0000022)
[0711/204123.041:ERROR:exception_snapshot_win.cc(98)] thread ID 11344 not found in process
[0711/204123.041:ERROR:scoped_process_suspend.cc(40)] NtResumeProcess: An attempt was made to access an exiting process. (0xc000010a)
[0711/204123.297:ERROR:process_info.cc(329)] VirtualQueryEx: Access is denied. (0x5)
[0711/204123.297:ERROR:process_info.cc(556)] ReadMemoryInfo failed
[0711/204123.297:ERROR:scoped_process_suspend.cc(40)] NtResumeProcess: An attempt was made to access an exiting process. (0xc000010a)
[0827/182257.358:ERROR:process_memory_win.cc(73)] ReadMemory at 0x7ff65c490000 of 64 bytes failed: Only part of a ReadProcessMemory or WriteProcessMemory request was completed. (0x12B)
[0827/182257.450:WARNING:pe_image_reader.cc(340)] could not read dos header from C:\Program Files (x86)\Google\Chrome\Application\chrome.exe
[0827/182257.450:ERROR:process_memory_win.cc(73)] ReadMemory at 0x7fff43f00000 of 64 bytes failed: Only part of a ReadProcessMemory or WriteProcessMemory request was completed. (0x12B)
[0827/182257.450:WARNING:pe_image_reader.cc(340)] could not read dos header from C:\WINDOWS\SYSTEM32\ntdll.dll
[0827/182257.450:ERROR:process_memory_win.cc(73)] ReadMemory at 0x7fff42080000 of 64 bytes failed: Only part of a ReadProcessMemory or WriteProcessMemory request was completed. (0x12B)
[0827/182257.450:WARNING:pe_image_reader.cc(340)] could not read dos header from C:\WINDOWS\System32\KERNEL32.DLL
[0827/182257.450:ERROR:process_memory_win.cc(73)] ReadMemory at 0x7fff40fb0000 of 64 bytes failed: Only part of a ReadProcessMemory or WriteProcessMemory request was completed. (0x12B)
[0827/182257.450:WARNING:pe_image_reader.cc(340)] could not read dos header from C:\WINDOWS\System32\KERNELBASE.dll
[0827/182257.450:ERROR:process_memory_win.cc(73)] ReadMemory at 0x7fff10ce0000 of 64 bytes failed: Only part of a ReadProcessMemory or WriteProcessMemory request was completed. (0x12B)
[0827/182257.450:WARNING:pe_image_reader.cc(340)] could not read dos header from C:\Program Files (x86)\Google\Chrome\Application\84.0.4147.135\chrome_elf.dll
[0827/182257.450:ERROR:process_memory_win.cc(73)] ReadMemory at 0x7fff3b370000 of 64 bytes failed: Only part of a ReadProcessMemory or WriteProcessMemory request was completed. (0x12B)
[0827/182257.450:WARNING:pe_image_reader.cc(340)] could not read dos header from C:\WINDOWS\SYSTEM32\VERSION.dll
[0827/182257.450:ERROR:process_memory_win.cc(73)] ReadMemory at 0x7fff42280000 of 64 bytes failed: Only part of a ReadProcessMemory or WriteProcessMemory request was completed. (0x12B)
[0827/182257.450:WARNING:pe_image_reader.cc(340)] could not read dos header from C:\WINDOWS\System32\msvcrt.dll
[0827/182257.450:ERROR:process_memory_win.cc(73)] ReadMemory at 0x7fff40ed0000 of 64 bytes failed: Only part of a ReadProcessMemory or WriteProcessMemory request was completed. (0x12B)
[0827/182257.450:WARNING:pe_image_reader.cc(340)] could not read dos header from C:\WINDOWS\System32\bcryptPrimitives.dll
[0827/182257.450:ERROR:process_memory_win.cc(73)] ReadMemory at 0x7fff43240000 of 64 bytes failed: Only part of a ReadProcessMemory or WriteProcessMemory request was completed. (0x12B)
[0827/182257.450:WARNING:pe_image_reader.cc(340)] could not read dos header from C:\WINDOWS\System32\ADVAPI32.dll
[0827/182257.450:ERROR:process_memory_win.cc(73)] ReadMemory at 0x7fff43df0000 of 64 bytes failed: Only part of a ReadProcessMemory or WriteProcessMemory request was completed. (0x12B)
[0827/182257.450:WARNING:pe_image_reader.cc(340)] could not read dos header from C:\WINDOWS\System32\sechost.dll
[0827/182257.451:ERROR:process_memory_win.cc(73)] ReadMemory at 0x7fff43cd0000 of 64 bytes failed: Only part of a ReadProcessMemory or WriteProcessMemory request was completed. (0x12B)
[0827/182257.451:WARNING:pe_image_reader.cc(340)] could not read dos header from C:\WINDOWS\System32\RPCRT4.dll
[0827/182257.451:ERROR:process_memory_win.cc(73)] ReadMemory at 0x7fff089a0000 of 64 bytes failed: Only part of a ReadProcessMemory or WriteProcessMemory request was completed. (0x12B)
[0827/182257.451:WARNING:pe_image_reader.cc(340)] could not read dos header from C:\Program Files (x86)\Google\Chrome\Application\84.0.4147.135\chrome.dll
[0827/182257.451:ERROR:process_memory_win.cc(73)] ReadMemory at 0x7fff42fc0000 of 64 bytes failed: Only part of a ReadProcessMemory or WriteProcessMemory request was completed. (0x12B)
[0827/182257.451:WARNING:pe_image_reader.cc(340)] could not read dos header from C:\WINDOWS\System32\WS2_32.dll
[0827/182257.451:ERROR:process_memory_win.cc(73)] ReadMemory at 0x7fff41fb0000 of 64 bytes failed: Only part of a ReadProcessMemory or WriteProcessMemory request was completed. (0x12B)
[0827/182257.451:WARNING:pe_image_reader.cc(340)] could not read dos header from C:\WINDOWS\System32\OLEAUT32.dll
[0827/182257.451:ERROR:process_memory_win.cc(73)] ReadMemory at 0x7fff41750000 of 64 bytes failed: Only part of a ReadProcessMemory or WriteProcessMemory request was completed. (0x12B)
[0827/182257.451:WARNING:pe_image_reader.cc(340)] could not read dos header from C:\WINDOWS\System32\msvcp_win.dll
[0827/182257.451:ERROR:process_memory_win.cc(73)] ReadMemory at 0x7fff41260000 of 64 bytes failed: Only part of a ReadProcessMemory or WriteProcessMemory request was completed. (0x12B)
[0827/182257.451:WARNING:pe_image_reader.cc(340)] could not read dos header from C:\WINDOWS\System32\ucrtbase.dll
[0827/182257.451:ERROR:process_memory_win.cc(73)] ReadMemory at 0x7fff432f0000 of 64 bytes failed: Only part of a ReadProcessMemory or WriteProcessMemory request was completed. (0x12B)
[0827/182257.451:WARNING:pe_image_reader.cc(340)] could not read dos header from C:\WINDOWS\System32\combase.dll
[0827/182257.451:ERROR:process_memory_win.cc(73)] ReadMemory at 0x7fff40f50000 of 64 bytes failed: Only part of a ReadProcessMemory or WriteProcessMemory request was completed. (0x12B)
[0827/182257.451:WARNING:pe_image_reader.cc(340)] could not read dos header from C:\WINDOWS\System32\WINTRUST.dll
[0827/182257.451:ERROR:process_memory_win.cc(73)] ReadMemory at 0x7fff40dc0000 of 64 bytes failed: Only part of a ReadProcessMemory or WriteProcessMemory request was completed. (0x12B)
[0827/182257.451:WARNING:pe_image_reader.cc(340)] could not read dos header from C:\WINDOWS\System32\MSASN1.dll
[0827/182257.451:ERROR:process_memory_win.cc(73)] ReadMemory at 0x7fff41410000 of 64 bytes failed: Only part of a ReadProcessMemory or WriteProcessMemory request was completed. (0x12B)
[0827/182257.451:WARNING:pe_image_reader.cc(340)] could not read dos header from C:\WINDOWS\System32\CRYPT32.dll
[0827/182257.451:ERROR:process_memory_win.cc(73)] ReadMemory at 0x7fff40320000 of 64 bytes failed: Only part of a ReadProcessMemory or WriteProcessMemory request was completed. (0x12B)
[0827/182257.451:WARNING:pe_image_reader.cc(340)] could not read dos header from C:\WINDOWS\SYSTEM32\IPHLPAPI.DLL
[0827/182257.451:ERROR:process_memory_win.cc(73)] ReadMemory at 0x7fff3da50000 of 64 bytes failed: Only part of a ReadProcessMemory or WriteProcessMemory request was completed. (0x12B)
[0827/182257.451:WARNING:pe_image_reader.cc(340)] could not read dos header from C:\WINDOWS\SYSTEM32\WINMM.dll
[0827/182257.452:ERROR:process_memory_win.cc(73)] ReadMemory at 0x7fff2f6a0000 of 64 bytes failed: Only part of a ReadProcessMemory or WriteProcessMemory request was completed. (0x12B)
[0827/182257.452:WARNING:pe_image_reader.cc(340)] could not read dos header from C:\WINDOWS\SYSTEM32\Secur32.dll
[0827/182257.452:ERROR:process_memory_win.cc(73)] ReadMemory at 0x7fff40cd0000 of 64 bytes failed: Only part of a ReadProcessMemory or WriteProcessMemory request was completed. (0x12B)
[0827/182257.452:WARNING:pe_image_reader.cc(340)] could not read dos header from C:\WINDOWS\SYSTEM32\USERENV.dll
[0827/182257.452:ERROR:process_memory_win.cc(73)] ReadMemory at 0x7fff40e00000 of 64 bytes failed: Only part of a ReadProcessMemory or WriteProcessMemory request was completed. (0x12B)
[0827/182257.452:WARNING:pe_image_reader.cc(340)] could not read dos header from C:\WINDOWS\System32\profapi.dll
[0827/182257.452:ERROR:process_memory_win.cc(73)] ReadMemory at 0x7fff18390000 of 64 bytes failed: Only part of a ReadProcessMemory or WriteProcessMemory request was completed. (0x12B)
[0827/182257.452:WARNING:pe_image_reader.cc(340)] could not read dos header from C:\WINDOWS\SYSTEM32\UIAutomationCore.DLL
[0827/182257.452:ERROR:process_memory_win.cc(73)] ReadMemory at 0x7fff2e650000 of 64 bytes failed: Only part of a ReadProcessMemory or WriteProcessMemory request was completed. (0x12B)
[0827/182257.452:WARNING:pe_image_reader.cc(340)] could not read dos header from C:\WINDOWS\SYSTEM32\DWrite.dll
[0827/182257.452:ERROR:process_memory_win.cc(73)] ReadMemory at 0x7fff38e30000 of 64 bytes failed: Only part of a ReadProcessMemory or WriteProcessMemory request was completed. (0x12B)
[0827/182257.452:WARNING:pe_image_reader.cc(340)] could not read dos header from C:\WINDOWS\SYSTEM32\WINSPOOL.DRV
[0827/182257.452:ERROR:process_memory_win.cc(73)] ReadMemory at 0x7fff40de0000 of 64 bytes failed: Only part of a ReadProcessMemory or WriteProcessMemory request was completed. (0x12B)
[0827/182257.452:WARNING:pe_image_reader.cc(340)] could not read dos header from C:\WINDOWS\System32\kernel.appcore.dll
[0827/182257.452:ERROR:process_memory_win.cc(73)] ReadMemory at 0x7fff41f80000 of 64 bytes failed: Only part of a ReadProcessMemory or WriteProcessMemory request was completed. (0x12B)
[0827/182257.452:WARNING:pe_image_reader.cc(340)] could not read dos header from C:\WINDOWS\System32\bcrypt.dll
[0827/182257.452:ERROR:process_memory_win.cc(73)] ReadMemory at 0x7fff2f020000 of 64 bytes failed: Only part of a ReadProcessMemory or WriteProcessMemory request was completed. (0x12B)
[0827/182257.452:WARNING:pe_image_reader.cc(340)] could not read dos header from C:\WINDOWS\SYSTEM32\dbghelp.dll
[0827/182257.452:ERROR:process_memory_win.cc(73)] ReadMemory at 0x7fff396b0000 of 64 bytes failed: Only part of a ReadProcessMemory or WriteProcessMemory request was completed. (0x12B)
[0827/182257.452:WARNING:pe_image_reader.cc(340)] could not read dos header from C:\WINDOWS\SYSTEM32\WINHTTP.dll
[0827/182257.452:ERROR:process_memory_win.cc(73)] ReadMemory at 0x7fff39230000 of 64 bytes failed: Only part of a ReadProcessMemory or WriteProcessMemory request was completed. (0x12B)
[0827/182257.452:WARNING:pe_image_reader.cc(340)] could not read dos header from C:\WINDOWS\SYSTEM32\dhcpcsvc.DLL
[0827/182257.452:ERROR:process_memory_win.cc(73)] ReadMemory at 0x7fff42270000 of 64 bytes failed: Only part of a ReadProcessMemory or WriteProcessMemory request was completed. (0x12B)
[0827/182257.452:WARNING:pe_image_reader.cc(340)] could not read dos header from C:\WINDOWS\System32\NSI.dll
[0827/182257.452:ERROR:process_memory_win.cc(73)] ReadMemory at 0x7fff3da20000 of 64 bytes failed: Only part of a ReadProcessMemory or WriteProcessMemory request was completed. (0x12B)
[0827/182257.452:WARNING:pe_image_reader.cc(340)] could not read dos header from C:\WINDOWS\SYSTEM32\WINMMBASE.dll
[0827/182257.453:ERROR:process_memory_win.cc(73)] ReadMemory at 0x7fff40e80000 of 64 bytes failed: Only part of a ReadProcessMemory or WriteProcessMemory request was completed. (0x12B)
[0827/182257.453:WARNING:pe_image_reader.cc(340)] could not read dos header from C:\WINDOWS\System32\cfgmgr32.dll
[0827/182257.453:ERROR:process_memory_win.cc(73)] ReadMemory at 0x7fff3d770000 of 64 bytes failed: Only part of a ReadProcessMemory or WriteProcessMemory request was completed. (0x12B)
[0827/182257.453:WARNING:pe_image_reader.cc(340)] could not read dos header from C:\WINDOWS\SYSTEM32\PROPSYS.dll
[0827/182257.453:ERROR:process_memory_win.cc(73)] ReadMemory at 0x7fff421c0000 of 64 bytes failed: Only part of a ReadProcessMemory or WriteProcessMemory request was completed. (0x12B)
[0827/182257.453:WARNING:pe_image_reader.cc(340)] could not read dos header from C:\WINDOWS\System32\shcore.dll
[0827/182257.453:ERROR:process_memory_win.cc(73)] ReadMemory at 0x7fff40ca0000 of 64 bytes failed: Only part of a ReadProcessMemory or WriteProcessMemory request was completed. (0x12B)
[0827/182257.453:WARNING:pe_image_reader.cc(340)] could not read dos header from C:\WINDOWS\SYSTEM32\SSPICLI.DLL
[0827/182257.453:ERROR:process_memory_win.cc(73)] ReadMemory at 0x7fff407e0000 of 64 bytes failed: Only part of a ReadProcessMemory or WriteProcessMemory request was completed. (0x12B)
[0827/182257.453:WARNING:pe_image_reader.cc(340)] could not read dos header from C:\WINDOWS\SYSTEM32\CRYPTBASE.DLL
[0827/182257.523:ERROR:process_memory_win.cc(73)] ReadMemory at 0x7ff65c490000 of 64 bytes failed: Only part of a ReadProcessMemory or WriteProcessMemory request was completed. (0x12B)
[0827/182257.523:WARNING:pe_image_reader.cc(340)] could not read dos header from C:\Program Files (x86)\Google\Chrome\Application\chrome.exe
[0827/182257.523:ERROR:process_memory_win.cc(73)] ReadMemory at 0x7fff43f00000 of 64 bytes failed: Only part of a ReadProcessMemory or WriteProcessMemory request was completed. (0x12B)
[0827/182257.523:WARNING:pe_image_reader.cc(340)] could not read dos header from C:\WINDOWS\SYSTEM32\ntdll.dll
[0827/182257.523:ERROR:process_memory_win.cc(73)] ReadMemory at 0x7fff42080000 of 64 bytes failed: Only part of a ReadProcessMemory or WriteProcessMemory request was completed. (0x12B)
[0827/182257.524:WARNING:pe_image_reader.cc(340)] could not read dos header from C:\WINDOWS\System32\KERNEL32.DLL
[0827/182257.524:ERROR:process_memory_win.cc(73)] ReadMemory at 0x7fff40fb0000 of 64 bytes failed: Only part of a ReadProcessMemory or WriteProcessMemory request was completed. (0x12B)
[0827/182257.524:WARNING:pe_image_reader.cc(340)] could not read dos header from C:\WINDOWS\System32\KERNELBASE.dll
[0827/182257.524:ERROR:process_memory_win.cc(73)] ReadMemory at 0x7fff10ce0000 of 64 bytes failed: Only part of a ReadProcessMemory or WriteProcessMemory request was completed. (0x12B)
[0827/182257.524:WARNING:pe_image_reader.cc(340)] could not read dos header from C:\Program Files (x86)\Google\Chrome\Application\84.0.4147.135\chrome_elf.dll
[0827/182257.524:ERROR:process_memory_win.cc(73)] ReadMemory at 0x7fff3b370000 of 64 bytes failed: Only part of a ReadProcessMemory or WriteProcessMemory request was completed. (0x12B)
[0827/182257.524:WARNING:pe_image_reader.cc(340)] could not read dos header from C:\WINDOWS\SYSTEM32\VERSION.dll
[0827/182257.524:ERROR:process_memory_win.cc(73)] ReadMemory at 0x7fff42280000 of 64 bytes failed: Only part of a ReadProcessMemory or WriteProcessMemory request was completed. (0x12B)
[0827/182257.524:WARNING:pe_image_reader.cc(340)] could not read dos header from C:\WINDOWS\System32\msvcrt.dll
[0827/182257.524:ERROR:process_memory_win.cc(73)] ReadMemory at 0x7fff40ed0000 of 64 bytes failed: Only part of a ReadProcessMemory or WriteProcessMemory request was completed. (0x12B)
[0827/182257.524:WARNING:pe_image_reader.cc(340)] could not read dos header from C:\WINDOWS\System32\bcryptPrimitives.dll
[0827/182257.524:ERROR:process_memory_win.cc(73)] ReadMemory at 0x7fff43240000 of 64 bytes failed: Only part of a ReadProcessMemory or WriteProcessMemory request was completed. (0x12B)
[0827/182257.524:WARNING:pe_image_reader.cc(340)] could not read dos header from C:\WINDOWS\System32\ADVAPI32.dll
[0827/182257.524:ERROR:process_memory_win.cc(73)] ReadMemory at 0x7fff43df0000 of 64 bytes failed: Only part of a ReadProcessMemory or WriteProcessMemory request was completed. (0x12B)
[0827/182257.524:WARNING:pe_image_reader.cc(340)] could not read dos header from C:\WINDOWS\System32\sechost.dll
[0827/182257.524:ERROR:process_memory_win.cc(73)] ReadMemory at 0x7fff43cd0000 of 64 bytes failed: Only part of a ReadProcessMemory or WriteProcessMemory request was completed. (0x12B)
[0827/182257.524:WARNING:pe_image_reader.cc(340)] could not read dos header from C:\WINDOWS\System32\RPCRT4.dll
[0827/182257.524:ERROR:process_memory_win.cc(73)] ReadMemory at 0x7fff089a0000 of 64 bytes failed: Only part of a ReadProcessMemory or WriteProcessMemory request was completed. (0x12B)
[0827/182257.525:WARNING:pe_image_reader.cc(340)] could not read dos header from C:\Program Files (x86)\Google\Chrome\Application\84.0.4147.135\chrome.dll
[0827/182257.525:ERROR:process_memory_win.cc(73)] ReadMemory at 0x7fff42fc0000 of 64 bytes failed: Only part of a ReadProcessMemory or WriteProcessMemory request was completed. (0x12B)
[0827/182257.525:WARNING:pe_image_reader.cc(340)] could not read dos header from C:\WINDOWS\System32\WS2_32.dll
[0827/182257.525:ERROR:process_memory_win.cc(73)] ReadMemory at 0x7fff41fb0000 of 64 bytes failed: Only part of a ReadProcessMemory or WriteProcessMemory request was completed. (0x12B)
[0827/182257.525:WARNING:pe_image_reader.cc(340)] could not read dos header from C:\WINDOWS\System32\OLEAUT32.dll
[0827/182257.525:ERROR:process_memory_win.cc(73)] ReadMemory at 0x7fff41750000 of 64 bytes failed: Only part of a ReadProcessMemory or WriteProcessMemory request was completed. (0x12B)
[0827/182257.525:WARNING:pe_image_reader.cc(340)] could not read dos header from C:\WINDOWS\System32\msvcp_win.dll
[0827/182257.525:ERROR:process_memory_win.cc(73)] ReadMemory at 0x7fff41260000 of 64 bytes failed: Only part of a ReadProcessMemory or WriteProcessMemory request was completed. (0x12B)
[0827/182257.525:WARNING:pe_image_reader.cc(340)] could not read dos header from C:\WINDOWS\System32\ucrtbase.dll
[0827/182257.525:ERROR:process_memory_win.cc(73)] ReadMemory at 0x7fff432f0000 of 64 bytes failed: Only part of a ReadProcessMemory or WriteProcessMemory request was completed. (0x12B)
[0827/182257.525:WARNING:pe_image_reader.cc(340)] could not read dos header from C:\WINDOWS\System32\combase.dll
[0827/182257.525:ERROR:process_memory_win.cc(73)] ReadMemory at 0x7fff40f50000 of 64 bytes failed: Only part of a ReadProcessMemory or WriteProcessMemory request was completed. (0x12B)
[0827/182257.525:WARNING:pe_image_reader.cc(340)] could not read dos header from C:\WINDOWS\System32\WINTRUST.dll
[0827/182257.525:ERROR:process_memory_win.cc(73)] ReadMemory at 0x7fff40dc0000 of 64 bytes failed: Only part of a ReadProcessMemory or WriteProcessMemory request was completed. (0x12B)
[0827/182257.525:WARNING:pe_image_reader.cc(340)] could not read dos header from C:\WINDOWS\System32\MSASN1.dll
[0827/182257.525:ERROR:process_memory_win.cc(73)] ReadMemory at 0x7fff41410000 of 64 bytes failed: Only part of a ReadProcessMemory or WriteProcessMemory request was completed. (0x12B)
[0827/182257.525:WARNING:pe_image_reader.cc(340)] could not read dos header from C:\WINDOWS\System32\CRYPT32.dll
[0827/182257.525:ERROR:process_memory_win.cc(73)] ReadMemory at 0x7fff40320000 of 64 bytes failed: Only part of a ReadProcessMemory or WriteProcessMemory request was completed. (0x12B)
[0827/182257.525:WARNING:pe_image_reader.cc(340)] could not read dos header from C:\WINDOWS\SYSTEM32\IPHLPAPI.DLL
[0827/182257.525:ERROR:process_memory_win.cc(73)] ReadMemory at 0x7fff3da50000 of 64 bytes failed: Only part of a ReadProcessMemory or WriteProcessMemory request was completed. (0x12B)
[0827/182257.525:WARNING:pe_image_reader.cc(340)] could not read dos header from C:\WINDOWS\SYSTEM32\WINMM.dll
[0827/182257.525:ERROR:process_memory_win.cc(73)] ReadMemory at 0x7fff2f6a0000 of 64 bytes failed: Only part of a ReadProcessMemory or WriteProcessMemory request was completed. (0x12B)
[0827/182257.525:WARNING:pe_image_reader.cc(340)] could not read dos header from C:\WINDOWS\SYSTEM32\Secur32.dll
[0827/182257.525:ERROR:process_memory_win.cc(73)] ReadMemory at 0x7fff40cd0000 of 64 bytes failed: Only part of a ReadProcessMemory or WriteProcessMemory request was completed. (0x12B)
[0827/182257.525:WARNING:pe_image_reader.cc(340)] could not read dos header from C:\WINDOWS\SYSTEM32\USERENV.dll
[0827/182257.525:ERROR:process_memory_win.cc(73)] ReadMemory at 0x7fff40e00000 of 64 bytes failed: Only part of a ReadProcessMemory or WriteProcessMemory request was completed. (0x12B)
[0827/182257.525:WARNING:pe_image_reader.cc(340)] could not read dos header from C:\WINDOWS\System32\profapi.dll
[0827/182257.525:ERROR:process_memory_win.cc(73)] ReadMemory at 0x7fff18390000 of 64 bytes failed: Only part of a ReadProcessMemory or WriteProcessMemory request was completed. (0x12B)
[0827/182257.525:WARNING:pe_image_reader.cc(340)] could not read dos header from C:\WINDOWS\SYSTEM32\UIAutomationCore.DLL
[0827/182257.525:ERROR:process_memory_win.cc(73)] ReadMemory at 0x7fff2e650000 of 64 bytes failed: Only part of a ReadProcessMemory or WriteProcessMemory request was completed. (0x12B)
[0827/182257.525:WARNING:pe_image_reader.cc(340)] could not read dos header from C:\WINDOWS\SYSTEM32\DWrite.dll
[0827/182257.525:ERROR:process_memory_win.cc(73)] ReadMemory at 0x7fff38e30000 of 64 bytes failed: Only part of a ReadProcessMemory or WriteProcessMemory request was completed. (0x12B)
[0827/182257.525:WARNING:pe_image_reader.cc(340)] could not read dos header from C:\WINDOWS\SYSTEM32\WINSPOOL.DRV
[0827/182257.526:ERROR:process_memory_win.cc(73)] ReadMemory at 0x7fff40de0000 of 64 bytes failed: Only part of a ReadProcessMemory or WriteProcessMemory request was completed. (0x12B)
[0827/182257.526:WARNING:pe_image_reader.cc(340)] could not read dos header from C:\WINDOWS\System32\kernel.appcore.dll
[0827/182257.526:ERROR:process_memory_win.cc(73)] ReadMemory at 0x7fff41f80000 of 64 bytes failed: Only part of a ReadProcessMemory or WriteProcessMemory request was completed. (0x12B)
[0827/182257.526:WARNING:pe_image_reader.cc(340)] could not read dos header from C:\WINDOWS\System32\bcrypt.dll
[0827/182257.526:ERROR:process_memory_win.cc(73)] ReadMemory at 0x7fff2f020000 of 64 bytes failed: Only part of a ReadProcessMemory or WriteProcessMemory request was completed. (0x12B)
[0827/182257.526:WARNING:pe_image_reader.cc(340)] could not read dos header from C:\WINDOWS\SYSTEM32\dbghelp.dll
[0827/182257.526:ERROR:process_memory_win.cc(73)] ReadMemory at 0x7fff396b0000 of 64 bytes failed: Only part of a ReadProcessMemory or WriteProcessMemory request was completed. (0x12B)
[0827/182257.526:WARNING:pe_image_reader.cc(340)] could not read dos header from C:\WINDOWS\SYSTEM32\WINHTTP.dll
[0827/182257.526:ERROR:process_memory_win.cc(73)] ReadMemory at 0x7fff39230000 of 64 bytes failed: Only part of a ReadProcessMemory or WriteProcessMemory request was completed. (0x12B)
[0827/182257.526:WARNING:pe_image_reader.cc(340)] could not read dos header from C:\WINDOWS\SYSTEM32\dhcpcsvc.DLL
[0827/182257.526:ERROR:process_memory_win.cc(73)] ReadMemory at 0x7fff42270000 of 64 bytes failed: Only part of a ReadProcessMemory or WriteProcessMemory request was completed. (0x12B)
[0827/182257.526:WARNING:pe_image_reader.cc(340)] could not read dos header from C:\WINDOWS\System32\NSI.dll
[0827/182257.526:ERROR:process_memory_win.cc(73)] ReadMemory at 0x7fff3da20000 of 64 bytes failed: Only part of a ReadProcessMemory or WriteProcessMemory request was completed. (0x12B)
[0827/182257.526:WARNING:pe_image_reader.cc(340)] could not read dos header from C:\WINDOWS\SYSTEM32\WINMMBASE.dll
[0827/182257.526:ERROR:process_memory_win.cc(73)] ReadMemory at 0x7fff40e80000 of 64 bytes failed: Only part of a ReadProcessMemory or WriteProcessMemory request was completed. (0x12B)
[0827/182257.526:WARNING:pe_image_reader.cc(340)] could not read dos header from C:\WINDOWS\System32\cfgmgr32.dll
[0827/182257.526:ERROR:process_memory_win.cc(73)] ReadMemory at 0x7fff3d770000 of 64 bytes failed: Only part of a ReadProcessMemory or WriteProcessMemory request was completed. (0x12B)
[0827/182257.526:WARNING:pe_image_reader.cc(340)] could not read dos header from C:\WINDOWS\SYSTEM32\PROPSYS.dll
[0827/182257.526:ERROR:process_memory_win.cc(73)] ReadMemory at 0x7fff421c0000 of 64 bytes failed: Only part of a ReadProcessMemory or WriteProcessMemory request was completed. (0x12B)
[0827/182257.526:WARNING:pe_image_reader.cc(340)] could not read dos header from C:\WINDOWS\System32\shcore.dll
[0827/182257.526:ERROR:process_memory_win.cc(73)] ReadMemory at 0x7fff40ca0000 of 64 bytes failed: Only part of a ReadProcessMemory or WriteProcessMemory request was completed. (0x12B)
[0827/182257.526:WARNING:pe_image_reader.cc(340)] could not read dos header from C:\WINDOWS\SYSTEM32\SSPICLI.DLL
[0827/182257.526:ERROR:process_memory_win.cc(73)] ReadMemory at 0x7fff407e0000 of 64 bytes failed: Only part of a ReadProcessMemory or WriteProcessMemory request was completed. (0x12B)
[0827/182257.526:WARNING:pe_image_reader.cc(340)] could not read dos header from C:\WINDOWS\SYSTEM32\CRYPTBASE.DLL
[0827/182257.526:ERROR:process_memory_win.cc(73)] ReadMemory at 0x7ff65c490000 of 64 bytes failed: Only part of a ReadProcessMemory or WriteProcessMemory request was completed. (0x12B)
[0827/182257.526:WARNING:pe_image_reader.cc(340)] could not read dos header from C:\Program Files (x86)\Google\Chrome\Application\chrome.exe
[0827/182257.526:ERROR:process_memory_win.cc(73)] ReadMemory at 0x7fff43f00000 of 64 bytes failed: Only part of a ReadProcessMemory or WriteProcessMemory request was completed. (0x12B)
[0827/182257.526:WARNING:pe_image_reader.cc(340)] could not read dos header from C:\WINDOWS\SYSTEM32\ntdll.dll
[0827/182257.526:ERROR:process_memory_win.cc(73)] ReadMemory at 0x7fff42080000 of 64 bytes failed: Only part of a ReadProcessMemory or WriteProcessMemory request was completed. (0x12B)
[0827/182257.526:WARNING:pe_image_reader.cc(340)] could not read dos header from C:\WINDOWS\System32\KERNEL32.DLL
[0827/182257.526:ERROR:process_memory_win.cc(73)] ReadMemory at 0x7fff40fb0000 of 64 bytes failed: Only part of a ReadProcessMemory or WriteProcessMemory request was completed. (0x12B)
[0827/182257.526:WARNING:pe_image_reader.cc(340)] could not read dos header from C:\WINDOWS\System32\KERNELBASE.dll
[0827/182257.526:ERROR:process_memory_win.cc(73)] ReadMemory at 0x7fff10ce0000 of 64 bytes failed: Only part of a ReadProcessMemory or WriteProcessMemory request was completed. (0x12B)
[0827/182257.526:WARNING:pe_image_reader.cc(340)] could not read dos header from C:\Program Files (x86)\Google\Chrome\Application\84.0.4147.135\chrome_elf.dll
[0827/182257.526:ERROR:process_memory_win.cc(73)] ReadMemory at 0x7fff3b370000 of 64 bytes failed: Only part of a ReadProcessMemory or WriteProcessMemory request was completed. (0x12B)
[0827/182257.526:WARNING:pe_image_reader.cc(340)] could not read dos header from C:\WINDOWS\SYSTEM32\VERSION.dll
[0827/182257.527:ERROR:process_memory_win.cc(73)] ReadMemory at 0x7fff42280000 of 64 bytes failed: Only part of a ReadProcessMemory or WriteProcessMemory request was completed. (0x12B)
[0827/182257.527:WARNING:pe_image_reader.cc(340)] could not read dos header from C:\WINDOWS\System32\msvcrt.dll
[0827/182257.527:ERROR:process_memory_win.cc(73)] ReadMemory at 0x7fff40ed0000 of 64 bytes failed: Only part of a ReadProcessMemory or WriteProcessMemory request was completed. (0x12B)
[0827/182257.527:WARNING:pe_image_reader.cc(340)] could not read dos header from C:\WINDOWS\System32\bcryptPrimitives.dll
[0827/182257.527:ERROR:process_memory_win.cc(73)] ReadMemory at 0x7fff43240000 of 64 bytes failed: Only part of a ReadProcessMemory or WriteProcessMemory request was completed. (0x12B)
[0827/182257.527:WARNING:pe_image_reader.cc(340)] could not read dos header from C:\WINDOWS\System32\ADVAPI32.dll
[0827/182257.527:ERROR:process_memory_win.cc(73)] ReadMemory at 0x7fff43df0000 of 64 bytes failed: Only part of a ReadProcessMemory or WriteProcessMemory request was completed. (0x12B)
[0827/182257.527:WARNING:pe_image_reader.cc(340)] could not read dos header from C:\WINDOWS\System32\sechost.dll
[0827/182257.527:ERROR:process_memory_win.cc(73)] ReadMemory at 0x7fff43cd0000 of 64 bytes failed: Only part of a ReadProcessMemory or WriteProcessMemory request was completed. (0x12B)
[0827/182257.527:WARNING:pe_image_reader.cc(340)] could not read dos header from C:\WINDOWS\System32\RPCRT4.dll
[0827/182257.527:ERROR:process_memory_win.cc(73)] ReadMemory at 0x7fff089a0000 of 64 bytes failed: Only part of a ReadProcessMemory or WriteProcessMemory request was completed. (0x12B)
[0827/182257.527:WARNING:pe_image_reader.cc(340)] could not read dos header from C:\Program Files (x86)\Google\Chrome\Application\84.0.4147.135\chrome.dll
[0827/182257.527:ERROR:process_memory_win.cc(73)] ReadMemory at 0x7fff42fc0000 of 64 bytes failed: Only part of a ReadProcessMemory or WriteProcessMemory request was completed. (0x12B)
[0827/182257.527:WARNING:pe_image_reader.cc(340)] could not read dos header from C:\WINDOWS\System32\WS2_32.dll
[0827/182257.527:ERROR:process_memory_win.cc(73)] ReadMemory at 0x7fff41fb0000 of 64 bytes failed: Only part of a ReadProcessMemory or WriteProcessMemory request was completed. (0x12B)
[0827/182257.527:WARNING:pe_image_reader.cc(340)] could not read dos header from C:\WINDOWS\System32\OLEAUT32.dll
[0827/182257.527:ERROR:process_memory_win.cc(73)] ReadMemory at 0x7fff41750000 of 64 bytes failed: Only part of a ReadProcessMemory or WriteProcessMemory request was completed. (0x12B)
[0827/182257.527:WARNING:pe_image_reader.cc(340)] could not read dos header from C:\WINDOWS\System32\msvcp_win.dll
[0827/182257.527:ERROR:process_memory_win.cc(73)] ReadMemory at 0x7fff41260000 of 64 bytes failed: Only part of a ReadProcessMemory or WriteProcessMemory request was completed. (0x12B)
[0827/182257.527:WARNING:pe_image_reader.cc(340)] could not read dos header from C:\WINDOWS\System32\ucrtbase.dll
[0827/182257.527:ERROR:process_memory_win.cc(73)] ReadMemory at 0x7fff432f0000 of 64 bytes failed: Only part of a ReadProcessMemory or WriteProcessMemory request was completed. (0x12B)
[0827/182257.527:WARNING:pe_image_reader.cc(340)] could not read dos header from C:\WINDOWS\System32\combase.dll
[0827/182257.527:ERROR:process_memory_win.cc(73)] ReadMemory at 0x7fff40f50000 of 64 bytes failed: Only part of a ReadProcessMemory or WriteProcessMemory request was completed. (0x12B)
[0827/182257.527:WARNING:pe_image_reader.cc(340)] could not read dos header from C:\WINDOWS\System32\WINTRUST.dll
[0827/182257.527:ERROR:process_memory_win.cc(73)] ReadMemory at 0x7fff40dc0000 of 64 bytes failed: Only part of a ReadProcessMemory or WriteProcessMemory request was completed. (0x12B)
[0827/182257.527:WARNING:pe_image_reader.cc(340)] could not read dos header from C:\WINDOWS\System32\MSASN1.dll
[0827/182257.527:ERROR:process_memory_win.cc(73)] ReadMemory at 0x7fff41410000 of 64 bytes failed: Only part of a ReadProcessMemory or WriteProcessMemory request was completed. (0x12B)
[0827/182257.527:WARNING:pe_image_reader.cc(340)] could not read dos header from C:\WINDOWS\System32\CRYPT32.dll
[0827/182257.527:ERROR:process_memory_win.cc(73)] ReadMemory at 0x7fff40320000 of 64 bytes failed: Only part of a ReadProcessMemory or WriteProcessMemory request was completed. (0x12B)
[0827/182257.527:WARNING:pe_image_reader.cc(340)] could not read dos header from C:\WINDOWS\SYSTEM32\IPHLPAPI.DLL
[0827/182257.527:ERROR:process_memory_win.cc(73)] ReadMemory at 0x7fff3da50000 of 64 bytes failed: Only part of a ReadProcessMemory or WriteProcessMemory request was completed. (0x12B)
[0827/182257.527:WARNING:pe_image_reader.cc(340)] could not read dos header from C:\WINDOWS\SYSTEM32\WINMM.dll
[0827/182257.527:ERROR:process_memory_win.cc(73)] ReadMemory at 0x7fff2f6a0000 of 64 bytes failed: Only part of a ReadProcessMemory or WriteProcessMemory request was completed. (0x12B)
[0827/182257.527:WARNING:pe_image_reader.cc(340)] could not read dos header from C:\WINDOWS\SYSTEM32\Secur32.dll
[0827/182257.527:ERROR:process_memory_win.cc(73)] ReadMemory at 0x7fff40cd0000 of 64 bytes failed: Only part of a ReadProcessMemory or WriteProcessMemory request was completed. (0x12B)
[0827/182257.527:WARNING:pe_image_reader.cc(340)] could not read dos header from C:\WINDOWS\SYSTEM32\USERENV.dll
[0827/182257.528:ERROR:process_memory_win.cc(73)] ReadMemory at 0x7fff40e00000 of 64 bytes failed: Only part of a ReadProcessMemory or WriteProcessMemory request was completed. (0x12B)
[0827/182257.528:WARNING:pe_image_reader.cc(340)] could not read dos header from C:\WINDOWS\System32\profapi.dll
[0827/182257.528:ERROR:process_memory_win.cc(73)] ReadMemory at 0x7fff18390000 of 64 bytes failed: Only part of a ReadProcessMemory or WriteProcessMemory request was completed. (0x12B)
[0827/182257.528:WARNING:pe_image_reader.cc(340)] could not read dos header from C:\WINDOWS\SYSTEM32\UIAutomationCore.DLL
[0827/182257.528:ERROR:process_memory_win.cc(73)] ReadMemory at 0x7fff2e650000 of 64 bytes failed: Only part of a ReadProcessMemory or WriteProcessMemory request was completed. (0x12B)
[0827/182257.528:WARNING:pe_image_reader.cc(340)] could not read dos header from C:\WINDOWS\SYSTEM32\DWrite.dll
[0827/182257.528:ERROR:process_memory_win.cc(73)] ReadMemory at 0x7fff38e30000 of 64 bytes failed: Only part of a ReadProcessMemory or WriteProcessMemory request was completed. (0x12B)
[0827/182257.528:WARNING:pe_image_reader.cc(340)] could not read dos header from C:\WINDOWS\SYSTEM32\WINSPOOL.DRV
[0827/182257.528:ERROR:process_memory_win.cc(73)] ReadMemory at 0x7fff40de0000 of 64 bytes failed: Only part of a ReadProcessMemory or WriteProcessMemory request was completed. (0x12B)
[0827/182257.528:WARNING:pe_image_reader.cc(340)] could not read dos header from C:\WINDOWS\System32\kernel.appcore.dll
[0827/182257.528:ERROR:process_memory_win.cc(73)] ReadMemory at 0x7fff41f80000 of 64 bytes failed: Only part of a ReadProcessMemory or WriteProcessMemory request was completed. (0x12B)
[0827/182257.528:WARNING:pe_image_reader.cc(340)] could not read dos header from C:\WINDOWS\System32\bcrypt.dll
[0827/182257.528:ERROR:process_memory_win.cc(73)] ReadMemory at 0x7fff2f020000 of 64 bytes failed: Only part of a ReadProcessMemory or WriteProcessMemory request was completed. (0x12B)
[0827/182257.528:WARNING:pe_image_reader.cc(340)] could not read dos header from C:\WINDOWS\SYSTEM32\dbghelp.dll
[0827/182257.528:ERROR:process_memory_win.cc(73)] ReadMemory at 0x7fff396b0000 of 64 bytes failed: Only part of a ReadProcessMemory or WriteProcessMemory request was completed. (0x12B)
[0827/182257.528:WARNING:pe_image_reader.cc(340)] could not read dos header from C:\WINDOWS\SYSTEM32\WINHTTP.dll
[0827/182257.528:ERROR:process_memory_win.cc(73)] ReadMemory at 0x7fff39230000 of 64 bytes failed: Only part of a ReadProcessMemory or WriteProcessMemory request was completed. (0x12B)
[0827/182257.528:WARNING:pe_image_reader.cc(340)] could not read dos header from C:\WINDOWS\SYSTEM32\dhcpcsvc.DLL
[0827/182257.528:ERROR:process_memory_win.cc(73)] ReadMemory at 0x7fff42270000 of 64 bytes failed: Only part of a ReadProcessMemory or WriteProcessMemory request was completed. (0x12B)
[0827/182257.528:WARNING:pe_image_reader.cc(340)] could not read dos header from C:\WINDOWS\System32\NSI.dll
[0827/182257.528:ERROR:process_memory_win.cc(73)] ReadMemory at 0x7fff3da20000 of 64 bytes failed: Only part of a ReadProcessMemory or WriteProcessMemory request was completed. (0x12B)
[0827/182257.528:WARNING:pe_image_reader.cc(340)] could not read dos header from C:\WINDOWS\SYSTEM32\WINMMBASE.dll
[0827/182257.528:ERROR:process_memory_win.cc(73)] ReadMemory at 0x7fff40e80000 of 64 bytes failed: Only part of a ReadProcessMemory or WriteProcessMemory request was completed. (0x12B)
[0827/182257.528:WARNING:pe_image_reader.cc(340)] could not read dos header from C:\WINDOWS\System32\cfgmgr32.dll
[0827/182257.528:ERROR:process_memory_win.cc(73)] ReadMemory at 0x7fff3d770000 of 64 bytes failed: Only part of a ReadProcessMemory or WriteProcessMemory request was completed. (0x12B)
[0827/182257.528:WARNING:pe_image_reader.cc(340)] could not read dos header from C:\WINDOWS\SYSTEM32\PROPSYS.dll
[0827/182257.528:ERROR:process_memory_win.cc(73)] ReadMemory at 0x7fff421c0000 of 64 bytes failed: Only part of a ReadProcessMemory or WriteProcessMemory request was completed. (0x12B)
[0827/182257.528:WARNING:pe_image_reader.cc(340)] could not read dos header from C:\WINDOWS\System32\shcore.dll
[0827/182257.528:ERROR:process_memory_win.cc(73)] ReadMemory at 0x7fff40ca0000 of 64 bytes failed: Only part of a ReadProcessMemory or WriteProcessMemory request was completed. (0x12B)
[0827/182257.528:WARNING:pe_image_reader.cc(340)] could not read dos header from C:\WINDOWS\SYSTEM32\SSPICLI.DLL
[0827/182257.528:ERROR:process_memory_win.cc(73)] ReadMemory at 0x7fff407e0000 of 64 bytes failed: Only part of a ReadProcessMemory or WriteProcessMemory request was completed. (0x12B)
[0827/182257.528:WARNING:pe_image_reader.cc(340)] could not read dos header from C:\WINDOWS\SYSTEM32\CRYPTBASE.DLL
[0827/182257.596:ERROR:process_memory_win.cc(73)] ReadMemory at 0x1ef69df000 of 135168 bytes failed: Only part of a ReadProcessMemory or WriteProcessMemory request was completed. (0x12B)
[0827/182257.597:ERROR:process_memory_win.cc(73)] ReadMemory at 0x1ef71fd000 of 12288 bytes failed: Only part of a ReadProcessMemory or WriteProcessMemory request was completed. (0x12B)
[0827/182257.597:ERROR:process_memory_win.cc(73)] ReadMemory at 0x1ef81fd000 of 12288 bytes failed: Only part of a ReadProcessMemory or WriteProcessMemory request was completed. (0x12B)
[0827/182257.597:ERROR:process_memory_win.cc(73)] ReadMemory at 0x1ef89fc000 of 16384 bytes failed: Only part of a ReadProcessMemory or WriteProcessMemory request was completed. (0x12B)
[0827/182257.597:ERROR:process_memory_win.cc(73)] ReadMemory at 0x1ef91fe000 of 8192 bytes failed: Only part of a ReadProcessMemory or WriteProcessMemory request was completed. (0x12B)
[0827/182257.597:ERROR:process_memory_win.cc(73)] ReadMemory at 0x1ef99fd000 of 12288 bytes failed: Only part of a ReadProcessMemory or WriteProcessMemory request was completed. (0x12B)
[0827/182257.597:ERROR:process_memory_win.cc(73)] ReadMemory at 0x1efa1fb000 of 20480 bytes failed: Only part of a ReadProcessMemory or WriteProcessMemory request was completed. (0x12B)
[0827/182257.597:ERROR:process_memory_win.cc(73)] ReadMemory at 0x1efb1fd000 of 12288 bytes failed: Only part of a ReadProcessMemory or WriteProcessMemory request was completed. (0x12B)
[0827/182257.597:ERROR:process_memory_win.cc(73)] ReadMemory at 0x1efb9f9000 of 28672 bytes failed: Only part of a ReadProcessMemory or WriteProcessMemory request was completed. (0x12B)
[0827/182257.597:ERROR:process_memory_win.cc(73)] ReadMemory at 0x1efc1f9000 of 28672 bytes failed: Only part of a ReadProcessMemory or WriteProcessMemory request was completed. (0x12B)
[0827/182257.597:ERROR:process_memory_win.cc(73)] ReadMemory at 0x1efc9fc000 of 16384 bytes failed: Only part of a ReadProcessMemory or WriteProcessMemory request was completed. (0x12B)
[0827/182257.598:ERROR:process_memory_win.cc(73)] ReadMemory at 0x1efe1fd000 of 12288 bytes failed: Only part of a ReadProcessMemory or WriteProcessMemory request was completed. (0x12B)
[0827/182257.598:ERROR:process_memory_win.cc(73)] ReadMemory at 0x1ef79fc000 of 16384 bytes failed: Only part of a ReadProcessMemory or WriteProcessMemory request was completed. (0x12B)
[0827/182257.598:ERROR:process_memory_win.cc(73)] ReadMemory at 0x1efa9ff000 of 4096 bytes failed: Only part of a ReadProcessMemory or WriteProcessMemory request was completed. (0x12B)
[0827/182257.598:ERROR:process_memory_win.cc(73)] ReadMemory at 0x1ef6191000 of 852 bytes failed: Only part of a ReadProcessMemory or WriteProcessMemory request was completed. (0x12B)
[0827/182257.598:ERROR:process_memory_win.cc(73)] ReadMemory at 0x1ef6192000 of 6024 bytes failed: Only part of a ReadProcessMemory or WriteProcessMemory request was completed. (0x12B)
[0827/182257.598:ERROR:process_memory_win.cc(73)] ReadMemory at 0x1ef6194000 of 6024 bytes failed: Only part of a ReadProcessMemory or WriteProcessMemory request was completed. (0x12B)
[0827/182257.598:ERROR:process_memory_win.cc(73)] ReadMemory at 0x1ef6198000 of 6024 bytes failed: Only part of a ReadProcessMemory or WriteProcessMemory request was completed. (0x12B)
[0827/182257.598:ERROR:process_memory_win.cc(73)] ReadMemory at 0x1ef619a000 of 6024 bytes failed: Only part of a ReadProcessMemory or WriteProcessMemory request was completed. (0x12B)
[0827/182257.598:ERROR:process_memory_win.cc(73)] ReadMemory at 0x1ef619c000 of 6024 bytes failed: Only part of a ReadProcessMemory or WriteProcessMemory request was completed. (0x12B)
[0827/182257.598:ERROR:process_memory_win.cc(73)] ReadMemory at 0x1ef619e000 of 6024 bytes failed: Only part of a ReadProcessMemory or WriteProcessMemory request was completed. (0x12B)
[0827/182257.598:ERROR:process_memory_win.cc(73)] ReadMemory at 0x1ef61a0000 of 6024 bytes failed: Only part of a ReadProcessMemory or WriteProcessMemory request was completed. (0x12B)
[0827/182257.598:ERROR:process_memory_win.cc(73)] ReadMemory at 0x1ef61a2000 of 6024 bytes failed: Only part of a ReadProcessMemory or WriteProcessMemory request was completed. (0x12B)
[0827/182257.599:ERROR:process_memory_win.cc(73)] ReadMemory at 0x1ef61a4000 of 6024 bytes failed: Only part of a ReadProcessMemory or WriteProcessMemory request was completed. (0x12B)
[0827/182257.599:ERROR:process_memory_win.cc(73)] ReadMemory at 0x1ef61a6000 of 6024 bytes failed: Only part of a ReadProcessMemory or WriteProcessMemory request was completed. (0x12B)
[0827/182257.599:ERROR:process_memory_win.cc(73)] ReadMemory at 0x1ef61a8000 of 6024 bytes failed: Only part of a ReadProcessMemory or WriteProcessMemory request was completed. (0x12B)
[0827/182257.599:ERROR:process_memory_win.cc(73)] ReadMemory at 0x1ef61aa000 of 6024 bytes failed: Only part of a ReadProcessMemory or WriteProcessMemory request was completed. (0x12B)
[0827/182257.599:ERROR:process_memory_win.cc(73)] ReadMemory at 0x1ef61ae000 of 6024 bytes failed: Only part of a ReadProcessMemory or WriteProcessMemory request was completed. (0x12B)
[0827/182257.599:ERROR:process_memory_win.cc(73)] ReadMemory at 0x1ef61b0000 of 6024 bytes failed: Only part of a ReadProcessMemory or WriteProcessMemory request was completed. (0x12B)
[0827/182257.599:ERROR:process_memory_win.cc(73)] ReadMemory at 0x162b7b01000 of 512 bytes failed: Only part of a ReadProcessMemory or WriteProcessMemory request was completed. (0x12B)
[0827/182257.599:ERROR:process_memory_win.cc(73)] ReadMemory at 0x162b7b40000 of 384 bytes failed: Only part of a ReadProcessMemory or WriteProcessMemory request was completed. (0x12B)
[0827/182257.599:ERROR:process_memory_win.cc(73)] ReadMemory at 0x162b7b40fe0 of 20236 bytes failed: Only part of a ReadProcessMemory or WriteProcessMemory request was completed. (0x12B)
[0827/182257.599:ERROR:process_memory_win.cc(73)] ReadMemory at 0x162b7b45f00 of 1012 bytes failed: Only part of a ReadProcessMemory or WriteProcessMemory request was completed. (0x12B)
[0827/182257.599:ERROR:process_memory_win.cc(73)] ReadMemory at 0x162b7b46548 of 118 bytes failed: Only part of a ReadProcessMemory or WriteProcessMemory request was completed. (0x12B)
[0827/182257.599:ERROR:process_memory_win.cc(73)] ReadMemory at 0x162b7b465c0 of 854 bytes failed: Only part of a ReadProcessMemory or WriteProcessMemory request was completed. (0x12B)
[0827/182257.599:ERROR:process_memory_win.cc(73)] ReadMemory at 0x162b7b46918 of 118 bytes failed: Only part of a ReadProcessMemory or WriteProcessMemory request was completed. (0x12B)
[0827/182257.600:ERROR:process_memory_win.cc(73)] ReadMemory at 0x162b7b46990 of 96 bytes failed: Only part of a ReadProcessMemory or WriteProcessMemory request was completed. (0x12B)
[0827/182257.600:ERROR:process_memory_win.cc(73)] ReadMemory at 0x162b7b46a00 of 58 bytes failed: Only part of a ReadProcessMemory or WriteProcessMemory request was completed. (0x12B)
[0827/182257.600:ERROR:process_memory_win.cc(73)] ReadMemory at 0x162b7b46b00 of 132 bytes failed: Only part of a ReadProcessMemory or WriteProcessMemory request was completed. (0x12B)
[0827/182257.600:ERROR:process_memory_win.cc(73)] ReadMemory at 0x162b7b46c90 of 132 bytes failed: Only part of a ReadProcessMemory or WriteProcessMemory request was completed. (0x12B)
[0827/182257.600:ERROR:process_memory_win.cc(73)] ReadMemory at 0x162b7b46e50 of 126 bytes failed: Only part of a ReadProcessMemory or WriteProcessMemory request was completed. (0x12B)
[0827/182257.600:ERROR:process_memory_win.cc(73)] ReadMemory at 0x162b7b47230 of 132 bytes failed: Only part of a ReadProcessMemory or WriteProcessMemory request was completed. (0x12B)
[0827/182257.600:ERROR:process_memory_win.cc(73)] ReadMemory at 0x162b7b473c0 of 64 bytes failed: Only part of a ReadProcessMemory or WriteProcessMemory request was completed. (0x12B)
[0827/182257.600:ERROR:process_memory_win.cc(73)] ReadMemory at 0x162b7b47580 of 132 bytes failed: Only part of a ReadProcessMemory or WriteProcessMemory request was completed. (0x12B)
[0827/182257.600:ERROR:process_memory_win.cc(73)] ReadMemory at 0x162b7b47820 of 132 bytes failed: Only part of a ReadProcessMemory or WriteProcessMemory request was completed. (0x12B)
[0827/182257.600:ERROR:process_memory_win.cc(73)] ReadMemory at 0x162b7b479b0 of 68 bytes failed: Only part of a ReadProcessMemory or WriteProcessMemory request was completed. (0x12B)
[0827/182257.600:ERROR:process_memory_win.cc(73)] ReadMemory at 0x162b7b48ab0 of 132 bytes failed: Only part of a ReadProcessMemory or WriteProcessMemory request was completed. (0x12B)
[0827/182257.600:ERROR:process_memory_win.cc(73)] ReadMemory at 0x162b7b48c40 of 154 bytes failed: Only part of a ReadProcessMemory or WriteProcessMemory request was completed. (0x12B)
[0827/182257.600:ERROR:process_memory_win.cc(73)] ReadMemory at 0x162b7b49b50 of 132 bytes failed: Only part of a ReadProcessMemory or WriteProcessMemory request was completed. (0x12B)
[0827/182257.600:ERROR:process_memory_win.cc(73)] ReadMemory at 0x162b7b49ce0 of 60 bytes failed: Only part of a ReadProcessMemory or WriteProcessMemory request was completed. (0x12B)
[0827/182257.600:ERROR:process_memory_win.cc(73)] ReadMemory at 0x162b7b4af80 of 62 bytes failed: Only part of a ReadProcessMemory or WriteProcessMemory request was completed. (0x12B)
[0827/182257.600:ERROR:process_memory_win.cc(73)] ReadMemory at 0x162b7b53010 of 62 bytes failed: Only part of a ReadProcessMemory or WriteProcessMemory request was completed. (0x12B)
[0827/182257.600:ERROR:process_memory_win.cc(73)] ReadMemory at 0x162b7b5a0e0 of 76 bytes failed: Only part of a ReadProcessMemory or WriteProcessMemory request was completed. (0x12B)
[0827/182257.601:ERROR:process_memory_win.cc(73)] ReadMemory at 0x162b7b5abc0 of 80 bytes failed: Only part of a ReadProcessMemory or WriteProcessMemory request was completed. (0x12B)
[0827/182257.601:ERROR:process_memory_win.cc(73)] ReadMemory at 0x162b7b5ae00 of 80 bytes failed: Only part of a ReadProcessMemory or WriteProcessMemory request was completed. (0x12B)
[0827/182257.601:ERROR:process_memory_win.cc(73)] ReadMemory at 0x162b7b5fce0 of 54 bytes failed: Only part of a ReadProcessMemory or WriteProcessMemory request was completed. (0x12B)
[0827/182257.601:ERROR:process_memory_win.cc(73)] ReadMemory at 0x162b7b60300 of 132 bytes failed: Only part of a ReadProcessMemory or WriteProcessMemory request was completed. (0x12B)
[0827/182257.601:ERROR:process_memory_win.cc(73)] ReadMemory at 0x162b7b60f40 of 132 bytes failed: Only part of a ReadProcessMemory or WriteProcessMemory request was completed. (0x12B)
[0827/182257.601:ERROR:process_memory_win.cc(73)] ReadMemory at 0x162b7b62080 of 132 bytes failed: Only part of a ReadProcessMemory or WriteProcessMemory request was completed. (0x12B)
[0827/182257.601:ERROR:process_memory_win.cc(73)] ReadMemory at 0x162b7b62290 of 132 bytes failed: Only part of a ReadProcessMemory or WriteProcessMemory request was completed. (0x12B)
[0827/182257.601:ERROR:process_memory_win.cc(73)] ReadMemory at 0x162b7b64e90 of 132 bytes failed: Only part of a ReadProcessMemory or WriteProcessMemory request was completed. (0x12B)
[0827/182257.601:ERROR:process_memory_win.cc(73)] ReadMemory at 0x162b7b64fc0 of 132 bytes failed: Only part of a ReadProcessMemory or WriteProcessMemory request was completed. (0x12B)
[0827/182257.601:ERROR:process_memory_win.cc(73)] ReadMemory at 0x162b7b650f0 of 146 bytes failed: Only part of a ReadProcessMemory or WriteProcessMemory request was completed. (0x12B)
[0827/182257.601:ERROR:process_memory_win.cc(73)] ReadMemory at 0x162b7b677e0 of 62 bytes failed: Only part of a ReadProcessMemory or WriteProcessMemory request was completed. (0x12B)
[0827/182257.601:ERROR:process_memory_win.cc(73)] ReadMemory at 0x162b7b67880 of 58 bytes failed: Only part of a ReadProcessMemory or WriteProcessMemory request was completed. (0x12B)
[0827/182257.601:ERROR:process_memory_win.cc(73)] ReadMemory at 0x162b7b678d0 of 62 bytes failed: Only part of a ReadProcessMemory or WriteProcessMemory request was completed. (0x12B)
[0827/182257.601:ERROR:process_memory_win.cc(73)] ReadMemory at 0x162b7b67ab0 of 64 bytes failed: Only part of a ReadProcessMemory or WriteProcessMemory request was completed. (0x12B)
[0827/182257.601:ERROR:process_memory_win.cc(73)] ReadMemory at 0x162b7b67b00 of 62 bytes failed: Only part of a ReadProcessMemory or WriteProcessMemory request was completed. (0x12B)
[0827/182257.602:ERROR:process_memory_win.cc(73)] ReadMemory at 0x162b7b67b50 of 62 bytes failed: Only part of a ReadProcessMemory or WriteProcessMemory request was completed. (0x12B)
[0827/182257.602:ERROR:process_memory_win.cc(73)] ReadMemory at 0x162b7b67ba0 of 60 bytes failed: Only part of a ReadProcessMemory or WriteProcessMemory request was completed. (0x12B)
[0827/182257.602:ERROR:process_memory_win.cc(73)] ReadMemory at 0x162b7b67bf0 of 60 bytes failed: Only part of a ReadProcessMemory or WriteProcessMemory request was completed. (0x12B)
[0827/182257.602:ERROR:process_memory_win.cc(73)] ReadMemory at 0x162b7b67ce0 of 66 bytes failed: Only part of a ReadProcessMemory or WriteProcessMemory request was completed. (0x12B)
[0827/182257.602:ERROR:process_memory_win.cc(73)] ReadMemory at 0x162b7b67d30 of 60 bytes failed: Only part of a ReadProcessMemory or WriteProcessMemory request was completed. (0x12B)
[0827/182257.602:ERROR:process_memory_win.cc(73)] ReadMemory at 0x162b7b67d80 of 64 bytes failed: Only part of a ReadProcessMemory or WriteProcessMemory request was completed. (0x12B)
[0827/182257.602:ERROR:process_memory_win.cc(73)] ReadMemory at 0x162b7b67e20 of 64 bytes failed: Only part of a ReadProcessMemory or WriteProcessMemory request was completed. (0x12B)
[0827/182257.602:ERROR:process_memory_win.cc(73)] ReadMemory at 0x162b7b67ec0 of 62 bytes failed: Only part of a ReadProcessMemory or WriteProcessMemory request was completed. (0x12B)
[0827/182257.602:ERROR:process_memory_win.cc(73)] ReadMemory at 0x162b7b68050 of 64 bytes failed: Only part of a ReadProcessMemory or WriteProcessMemory request was completed. (0x12B)
[0827/182257.602:ERROR:process_memory_win.cc(73)] ReadMemory at 0x162b7b680f0 of 62 bytes failed: Only part of a ReadProcessMemory or WriteProcessMemory request was completed. (0x12B)
[0827/182257.602:ERROR:process_memory_win.cc(73)] ReadMemory at 0x162b7b682d0 of 66 bytes failed: Only part of a ReadProcessMemory or WriteProcessMemory request was completed. (0x12B)
[0827/182257.602:ERROR:process_memory_win.cc(73)] ReadMemory at 0x162b7b68370 of 62 bytes failed: Only part of a ReadProcessMemory or WriteProcessMemory request was completed. (0x12B)
[0827/182257.602:ERROR:process_memory_win.cc(73)] ReadMemory at 0x162b7b683c0 of 60 bytes failed: Only part of a ReadProcessMemory or WriteProcessMemory request was completed. (0x12B)
[0827/182257.602:ERROR:process_memory_win.cc(73)] ReadMemory at 0x162b7b68410 of 64 bytes failed: Only part of a ReadProcessMemory or WriteProcessMemory request was completed. (0x12B)
[0827/182257.602:ERROR:process_memory_win.cc(73)] ReadMemory at 0x162b7b68460 of 64 bytes failed: Only part of a ReadProcessMemory or WriteProcessMemory request was completed. (0x12B)
[0827/182257.603:ERROR:process_memory_win.cc(73)] ReadMemory at 0x162b7b684b0 of 64 bytes failed: Only part of a ReadProcessMemory or WriteProcessMemory request was completed. (0x12B)
[0827/182257.603:ERROR:process_memory_win.cc(73)] ReadMemory at 0x162b7b68500 of 62 bytes failed: Only part of a ReadProcessMemory or WriteProcessMemory request was completed. (0x12B)
[0827/182257.603:ERROR:process_memory_win.cc(73)] ReadMemory at 0x162b7b68550 of 60 bytes failed: Only part of a ReadProcessMemory or WriteProcessMemory request was completed. (0x12B)
[0827/182257.603:ERROR:process_memory_win.cc(73)] ReadMemory at 0x162b7b685a0 of 60 bytes failed: Only part of a ReadProcessMemory or WriteProcessMemory request was completed. (0x12B)
[0827/182257.603:ERROR:process_memory_win.cc(73)] ReadMemory at 0x162b7b68690 of 64 bytes failed: Only part of a ReadProcessMemory or WriteProcessMemory request was completed. (0x12B)
[0827/182257.603:ERROR:process_memory_win.cc(73)] ReadMemory at 0x162b7b686e0 of 62 bytes failed: Only part of a ReadProcessMemory or WriteProcessMemory request was completed. (0x12B)
[0827/182257.603:ERROR:process_memory_win.cc(73)] ReadMemory at 0x162b7b69b70 of 132 bytes failed: Only part of a ReadProcessMemory or WriteProcessMemory request was completed. (0x12B)
[0827/182257.603:ERROR:process_memory_win.cc(73)] ReadMemory at 0x162b7b6b0f0 of 132 bytes failed: Only part of a ReadProcessMemory or WriteProcessMemory request was completed. (0x12B)
[0827/182257.603:ERROR:process_memory_win.cc(73)] ReadMemory at 0x162b7b6b310 of 132 bytes failed: Only part of a ReadProcessMemory or WriteProcessMemory request was completed. (0x12B)
[0827/182257.603:ERROR:process_memory_win.cc(73)] ReadMemory at 0x162b7b6fae0 of 132 bytes failed: Only part of a ReadProcessMemory or WriteProcessMemory request was completed. (0x12B)
[0827/182257.603:ERROR:process_memory_win.cc(73)] ReadMemory at 0x162b7b6ff80 of 132 bytes failed: Only part of a ReadProcessMemory or WriteProcessMemory request was completed. (0x12B)
[0827/182257.604:ERROR:process_memory_win.cc(73)] ReadMemory at 0x162b7b700b0 of 132 bytes failed: Only part of a ReadProcessMemory or WriteProcessMemory request was completed. (0x12B)
[0827/182257.604:ERROR:process_memory_win.cc(73)] ReadMemory at 0x162b7b701e0 of 132 bytes failed: Only part of a ReadProcessMemory or WriteProcessMemory request was completed. (0x12B)
[0827/182257.604:ERROR:process_memory_win.cc(73)] ReadMemory at 0x162b7b70310 of 132 bytes failed: Only part of a ReadProcessMemory or WriteProcessMemory request was completed. (0x12B)
[0827/182257.604:ERROR:process_memory_win.cc(73)] ReadMemory at 0x162b7b70440 of 132 bytes failed: Only part of a ReadProcessMemory or WriteProcessMemory request was completed. (0x12B)
[0827/182257.604:ERROR:process_memory_win.cc(73)] ReadMemory at 0x162b7b70570 of 132 bytes failed: Only part of a ReadProcessMemory or WriteProcessMemory request was completed. (0x12B)
[0827/182257.604:ERROR:process_memory_win.cc(73)] ReadMemory at 0x162b7b706a0 of 132 bytes failed: Only part of a ReadProcessMemory or WriteProcessMemory request was completed. (0x12B)
[0827/182257.604:ERROR:process_memory_win.cc(73)] ReadMemory at 0x162b7b707d0 of 132 bytes failed: Only part of a ReadProcessMemory or WriteProcessMemory request was completed. (0x12B)
[0827/182257.604:ERROR:process_memory_win.cc(73)] ReadMemory at 0x162b7b70900 of 132 bytes failed: Only part of a ReadProcessMemory or WriteProcessMemory request was completed. (0x12B)
[0827/182257.604:ERROR:process_memory_win.cc(73)] ReadMemory at 0x162b7b70a30 of 132 bytes failed: Only part of a ReadProcessMemory or WriteProcessMemory request was completed. (0x12B)
[0827/182257.604:ERROR:process_memory_win.cc(73)] ReadMemory at 0x162b7b70c90 of 132 bytes failed: Only part of a ReadProcessMemory or WriteProcessMemory request was completed. (0x12B)
[0827/182257.604:ERROR:process_memory_win.cc(73)] ReadMemory at 0x162b7b70dc0 of 132 bytes failed: Only part of a ReadProcessMemory or WriteProcessMemory request was completed. (0x12B)
[0827/182257.604:ERROR:process_memory_win.cc(73)] ReadMemory at 0x162b7b70f90 of 132 bytes failed: Only part of a ReadProcessMemory or WriteProcessMemory request was completed. (0x12B)
[0827/182257.604:ERROR:process_memory_win.cc(73)] ReadMemory at 0x162b7b710c0 of 132 bytes failed: Only part of a ReadProcessMemory or WriteProcessMemory request was completed. (0x12B)
[0827/182257.604:ERROR:process_memory_win.cc(73)] ReadMemory at 0x162b7b711f0 of 132 bytes failed: Only part of a ReadProcessMemory or WriteProcessMemory request was completed. (0x12B)
[0827/182257.604:ERROR:process_memory_win.cc(73)] ReadMemory at 0x162b7b71320 of 132 bytes failed: Only part of a ReadProcessMemory or WriteProcessMemory request was completed. (0x12B)
[0827/182257.605:ERROR:process_memory_win.cc(73)] ReadMemory at 0x162b7b71b70 of 132 bytes failed: Only part of a ReadProcessMemory or WriteProcessMemory request was completed. (0x12B)
[0827/182257.605:ERROR:process_memory_win.cc(73)] ReadMemory at 0x162b7b71ca0 of 132 bytes failed: Only part of a ReadProcessMemory or WriteProcessMemory request was completed. (0x12B)
[0827/182257.605:ERROR:process_memory_win.cc(73)] ReadMemory at 0x162b7b72030 of 132 bytes failed: Only part of a ReadProcessMemory or WriteProcessMemory request was completed. (0x12B)
[0827/182257.605:ERROR:process_memory_win.cc(73)] ReadMemory at 0x162b7b72160 of 132 bytes failed: Only part of a ReadProcessMemory or WriteProcessMemory request was completed. (0x12B)
[0827/182257.605:ERROR:process_memory_win.cc(73)] ReadMemory at 0x162b7b72ae0 of 132 bytes failed: Only part of a ReadProcessMemory or WriteProcessMemory request was completed. (0x12B)
[0827/182257.605:ERROR:process_memory_win.cc(73)] ReadMemory at 0x162b7b72d40 of 132 bytes failed: Only part of a ReadProcessMemory or WriteProcessMemory request was completed. (0x12B)
[0827/182257.606:ERROR:process_memory_win.cc(73)] ReadMemory at 0x162b7bdc990 of 512 bytes failed: Only part of a ReadProcessMemory or WriteProcessMemory request was completed. (0x12B)
[0827/182257.606:ERROR:process_memory_win.cc(73)] ReadMemory at 0x162b7bf9ba0 of 512 bytes failed: Only part of a ReadProcessMemory or WriteProcessMemory request was completed. (0x12B)
[0827/182257.606:ERROR:process_memory_win.cc(73)] ReadMemory at 0x162b7bfaf00 of 592 bytes failed: Only part of a ReadProcessMemory or WriteProcessMemory request was completed. (0x12B)
[0827/182257.606:ERROR:process_memory_win.cc(73)] ReadMemory at 0x162b7bfc008 of 512 bytes failed: Only part of a ReadProcessMemory or WriteProcessMemory request was completed. (0x12B)
[0827/182257.606:ERROR:process_memory_win.cc(73)] ReadMemory at 0x162b7c1bca0 of 712 bytes failed: Only part of a ReadProcessMemory or WriteProcessMemory request was completed. (0x12B)
[0827/182257.606:ERROR:process_memory_win.cc(73)] ReadMemory at 0x162b9488570 of 512 bytes failed: Only part of a ReadProcessMemory or WriteProcessMemory request was completed. (0x12B)
[0827/182257.606:ERROR:process_memory_win.cc(73)] ReadMemory at 0x162b955b420 of 512 bytes failed: Only part of a ReadProcessMemory or WriteProcessMemory request was completed. (0x12B)
[0827/182257.607:ERROR:process_memory_win.cc(73)] ReadMemory at 0x162bb3d7fd0 of 512 bytes failed: Only part of a ReadProcessMemory or WriteProcessMemory request was completed. (0x12B)
[0827/182257.607:ERROR:process_memory_win.cc(73)] ReadMemory at 0x162bbe3ad48 of 512 bytes failed: Only part of a ReadProcessMemory or WriteProcessMemory request was completed. (0x12B)
[0827/182257.607:ERROR:process_memory_win.cc(73)] ReadMemory at 0x162be584fd0 of 512 bytes failed: Only part of a ReadProcessMemory or WriteProcessMemory request was completed. (0x12B)
[0827/182257.607:ERROR:process_memory_win.cc(73)] ReadMemory at 0x162cb9a9fa0 of 528 bytes failed: Only part of a ReadProcessMemory or WriteProcessMemory request was completed. (0x12B)
[0827/182257.607:ERROR:process_memory_win.cc(73)] ReadMemory at 0x162cb9c9fc0 of 528 bytes failed: Only part of a ReadProcessMemory or WriteProcessMemory request was completed. (0x12B)
[0827/182257.607:ERROR:process_memory_win.cc(73)] ReadMemory at 0x162e20d1ae0 of 512 bytes failed: Only part of a ReadProcessMemory or WriteProcessMemory request was completed. (0x12B)
[0827/182257.607:ERROR:process_memory_win.cc(73)] ReadMemory at 0x162e717a3c8 of 512 bytes failed: Only part of a ReadProcessMemory or WriteProcessMemory request was completed. (0x12B)
[0827/182257.607:ERROR:process_memory_win.cc(73)] ReadMemory at 0x162efee1cb0 of 512 bytes failed: Only part of a ReadProcessMemory or WriteProcessMemory request was completed. (0x12B)
[0827/182257.607:ERROR:process_memory_win.cc(73)] ReadMemory at 0x25699f591fb8 of 512 bytes failed: Only part of a ReadProcessMemory or WriteProcessMemory request was completed. (0x12B)
[0827/182257.607:ERROR:process_memory_win.cc(73)] ReadMemory at 0x7fff0f8f3ea0 of 512 bytes failed: Only part of a ReadProcessMemory or WriteProcessMemory request was completed. (0x12B)
[0827/182257.607:ERROR:process_memory_win.cc(73)] ReadMemory at 0x7fff10d079b3 of 512 bytes failed: Only part of a ReadProcessMemory or WriteProcessMemory request was completed. (0x12B)
[0827/182257.608:ERROR:process_memory_win.cc(73)] ReadMemory at 0x7fff10d081a0 of 512 bytes failed: Only part of a ReadProcessMemory or WriteProcessMemory request was completed. (0x12B)
[0827/182257.608:ERROR:process_memory_win.cc(73)] ReadMemory at 0x7fff43f41ae3 of 512 bytes failed: Only part of a ReadProcessMemory or WriteProcessMemory request was completed. (0x12B)
[0827/182257.608:ERROR:process_memory_win.cc(73)] ReadMemory at 0x7fff43f9c074 of 672 bytes failed: Only part of a ReadProcessMemory or WriteProcessMemory request was completed. (0x12B)
[0827/182257.608:ERROR:process_memory_win.cc(73)] ReadMemory at 0x7fff43f9f924 of 608 bytes failed: Only part of a ReadProcessMemory or WriteProcessMemory request was completed. (0x12B)
[0827/182257.608:ERROR:process_memory_win.cc(73)] ReadMemory at 0x7fff4402c428 of 18 bytes failed: Only part of a ReadProcessMemory or WriteProcessMemory request was completed. (0x12B)
[0827/182257.608:ERROR:process_memory_win.cc(73)] ReadMemory at 0x7fff4405f4f8 of 40 bytes failed: Only part of a ReadProcessMemory or WriteProcessMemory request was completed. (0x12B)
[0827/182257.608:ERROR:process_memory_win.cc(73)] ReadMemory at 0x7fff4405f978 of 48 bytes failed: Only part of a ReadProcessMemory or WriteProcessMemory request was completed. (0x12B)
[0827/182257.608:ERROR:process_memory_win.cc(73)] ReadMemory at 0x7fff440653c0 of 64 bytes failed: Only part of a ReadProcessMemory or WriteProcessMemory request was completed. (0x12B)
[0827/182257.636:ERROR:scoped_process_suspend.cc(40)] NtResumeProcess: An attempt was made to access an exiting process. (0xc000010a)
